<?xml version="1.0" encoding="UTF-8"?>
<!-- Generated by org.testng.reporters.JUnitReportReporter -->
<testsuite name="com.Testng.Testng_cls" tests="3" time="0.039" ignored="0" failures="0" timestamp="04 Jan 2022 11:34:52 GMT" skipped="0" hostname="DESKTOP-23SEJBF" errors="0">
  <testcase name="venkadesan" time="0.005" classname="com.Testng.Testng_cls"/>
  <testcase name="mathi" time="0.009" classname="com.Testng.Testng_cls"/>
  <testcase name="balaji" time="0.025" classname="com.Testng.Testng_cls"/>
</testsuite> <!-- com.Testng.Testng_cls -->
